<?xml version="1.0" encoding="UTF-8"?>
<!-- Generated by org.testng.reporters.JUnitReportReporter -->
<testsuite hostname="DESKTOP-S6MV8ON" failures="0" tests="3" name="Test.Task1" time="43.431" errors="0" timestamp="2024-06-10T01:28:25 BDT" skipped="0">
  <testcase classname="Test.Task1" name="create_event" time="18.060"/>
  <system-out/>
  <testcase classname="Test.Task1" name="sign_in" time="7.850"/>
  <system-out/>
  <testcase classname="Test.Task1" name="mark_availability" time="17.521"/>
  <system-out/>
</testsuite> <!-- Test.Task1 -->
